<?xml version="1.0" encoding="UTF-8"?>
<testng-results ignored="0" total="1" passed="1" failed="0" skipped="0">
  <reporter-output>
  </reporter-output>
  <suite started-at="2021-01-09T21:05:39 IST" name="Default suite" finished-at="2021-01-09T21:06:01 IST" duration-ms="21741">
    <groups>
    </groups>
    <test started-at="2021-01-09T21:05:39 IST" name="Default test" finished-at="2021-01-09T21:06:01 IST" duration-ms="21741">
      <class name="com.test.java.SEOTestClass">
        <test-method is-config="true" signature="setUp()[pri:0, instance:com.test.java.SEOTestClass@298a5e20]" started-at="2021-01-09T21:05:39 IST" name="setUp" finished-at="2021-01-09T21:05:53 IST" duration-ms="13934" status="PASS">
          <reporter-output>
          </reporter-output>
        </test-method> <!-- setUp -->
        <test-method signature="seoClassClickTest()[pri:0, instance:com.test.java.SEOTestClass@298a5e20]" started-at="2021-01-09T21:05:53 IST" name="seoClassClickTest" finished-at="2021-01-09T21:06:00 IST" duration-ms="6363" status="PASS">
          <reporter-output>
          </reporter-output>
        </test-method> <!-- seoClassClickTest -->
        <test-method is-config="true" signature="tearDown()[pri:0, instance:com.test.java.SEOTestClass@298a5e20]" started-at="2021-01-09T21:06:00 IST" name="tearDown" finished-at="2021-01-09T21:06:01 IST" duration-ms="1384" status="PASS">
          <reporter-output>
          </reporter-output>
        </test-method> <!-- tearDown -->
      </class> <!-- com.test.java.SEOTestClass -->
    </test> <!-- Default test -->
  </suite> <!-- Default suite -->
</testng-results>
