<?xml version="1.0" encoding="UTF-8"?>
<testng-results skipped="0" failed="0" total="5" passed="5">
  <reporter-output>
  </reporter-output>
  <suite name="Suite" duration-ms="70721" started-at="2021-01-04T21:00:09Z" finished-at="2021-01-04T21:01:19Z">
    <groups>
    </groups>
    <test name="GuruRegressionTest" duration-ms="70721" started-at="2021-01-04T21:00:09Z" finished-at="2021-01-04T21:01:19Z">
      <class name="com.test.java.LoginPageTestClass">
        <test-method status="PASS" signature="setUp()[pri:0, instance:com.test.java.LoginPageTestClass@13c10b87]" name="setUp" is-config="true" duration-ms="10965" started-at="2021-01-04T21:00:09Z" finished-at="2021-01-04T21:00:20Z">
        </test-method>
        <test-method status="PASS" signature="loginPageGuruTitleTest()[pri:1, instance:com.test.java.LoginPageTestClass@13c10b87]" name="loginPageGuruTitleTest" duration-ms="29" started-at="2021-01-04T21:00:20Z" finished-at="2021-01-04T21:00:20Z">
        </test-method>
        <test-method status="PASS" signature="tearDown()[pri:0, instance:com.test.java.LoginPageTestClass@13c10b87]" name="tearDown" is-config="true" duration-ms="1270" started-at="2021-01-04T21:00:20Z" finished-at="2021-01-04T21:00:21Z">
        </test-method>
        <test-method status="PASS" signature="setUp()[pri:0, instance:com.test.java.LoginPageTestClass@13c10b87]" name="setUp" is-config="true" duration-ms="9293" started-at="2021-01-04T21:00:21Z" finished-at="2021-01-04T21:00:30Z">
        </test-method>
        <test-method status="PASS" signature="loginPageGuruLogoTest()[pri:2, instance:com.test.java.LoginPageTestClass@13c10b87]" name="loginPageGuruLogoTest" duration-ms="114" started-at="2021-01-04T21:00:30Z" finished-at="2021-01-04T21:00:30Z">
        </test-method>
        <test-method status="PASS" signature="tearDown()[pri:0, instance:com.test.java.LoginPageTestClass@13c10b87]" name="tearDown" is-config="true" duration-ms="1317" started-at="2021-01-04T21:00:30Z" finished-at="2021-01-04T21:00:32Z">
        </test-method>
        <test-method status="PASS" signature="setUp()[pri:0, instance:com.test.java.LoginPageTestClass@13c10b87]" name="setUp" is-config="true" duration-ms="8353" started-at="2021-01-04T21:00:32Z" finished-at="2021-01-04T21:00:40Z">
        </test-method>
        <test-method status="PASS" signature="loginTest()[pri:3, instance:com.test.java.LoginPageTestClass@13c10b87]" name="loginTest" duration-ms="5514" started-at="2021-01-04T21:00:40Z" finished-at="2021-01-04T21:00:46Z">
        </test-method>
        <test-method status="PASS" signature="tearDown()[pri:0, instance:com.test.java.LoginPageTestClass@13c10b87]" name="tearDown" is-config="true" duration-ms="1261" started-at="2021-01-04T21:00:46Z" finished-at="2021-01-04T21:00:47Z">
        </test-method>
      </class>
      <class name="com.test.java.GuruHomePageTest">
        <test-method status="PASS" signature="setUp()[pri:0, instance:com.test.java.GuruHomePageTest@22635ba0]" name="setUp" is-config="true" duration-ms="13952" started-at="2021-01-04T21:00:47Z" finished-at="2021-01-04T21:01:01Z">
        </test-method>
        <test-method status="PASS" signature="getTitleOfHomePage()[pri:1, instance:com.test.java.GuruHomePageTest@22635ba0]" name="getTitleOfHomePage" duration-ms="41" started-at="2021-01-04T21:01:01Z" finished-at="2021-01-04T21:01:01Z">
        </test-method>
        <test-method status="PASS" signature="tearDown()[pri:0, instance:com.test.java.GuruHomePageTest@22635ba0]" name="tearDown" is-config="true" duration-ms="1193" started-at="2021-01-04T21:01:01Z" finished-at="2021-01-04T21:01:02Z">
        </test-method>
        <test-method status="PASS" signature="setUp()[pri:0, instance:com.test.java.GuruHomePageTest@22635ba0]" name="setUp" is-config="true" duration-ms="15860" started-at="2021-01-04T21:01:02Z" finished-at="2021-01-04T21:01:18Z">
        </test-method>
        <test-method status="PASS" signature="clickRequestQuotation()[pri:2, instance:com.test.java.GuruHomePageTest@22635ba0]" name="clickRequestQuotation" duration-ms="347" started-at="2021-01-04T21:01:18Z" finished-at="2021-01-04T21:01:18Z">
        </test-method>
        <test-method status="PASS" signature="tearDown()[pri:0, instance:com.test.java.GuruHomePageTest@22635ba0]" name="tearDown" is-config="true" duration-ms="1191" started-at="2021-01-04T21:01:18Z" finished-at="2021-01-04T21:01:19Z">
        </test-method>
      </class>
    </test>
  </suite>
</testng-results>
