<?xml version="1.0" encoding="UTF-8"?>
<testng-results total="6" passed="6" failed="0" skipped="0">
  <reporter-output>
  </reporter-output>
  <suite started-at="2021-01-05T19:12:51Z" name="Suite" finished-at="2021-01-05T19:14:18Z" duration-ms="87291">
    <groups>
    </groups>
    <test started-at="2021-01-05T19:12:51Z" name="GuruRegressionTest" finished-at="2021-01-05T19:14:18Z" duration-ms="87291">
      <class name="com.test.java.LoginPageTestClass">
        <test-method is-config="true" signature="setUp()[pri:0, instance:com.test.java.LoginPageTestClass@28d18df5]" started-at="2021-01-05T19:12:51Z" name="setUp" finished-at="2021-01-05T19:13:00Z" duration-ms="8932" status="PASS">
        </test-method>
        <test-method signature="loginPageGuruTitleTest()[pri:1, instance:com.test.java.LoginPageTestClass@28d18df5]" started-at="2021-01-05T19:13:00Z" name="loginPageGuruTitleTest" finished-at="2021-01-05T19:13:00Z" duration-ms="31" status="PASS">
        </test-method>
        <test-method is-config="true" signature="tearDown()[pri:0, instance:com.test.java.LoginPageTestClass@28d18df5]" started-at="2021-01-05T19:13:00Z" name="tearDown" finished-at="2021-01-05T19:13:01Z" duration-ms="1295" status="PASS">
        </test-method>
        <test-method is-config="true" signature="setUp()[pri:0, instance:com.test.java.LoginPageTestClass@28d18df5]" started-at="2021-01-05T19:13:01Z" name="setUp" finished-at="2021-01-05T19:13:09Z" duration-ms="8559" status="PASS">
        </test-method>
        <test-method signature="loginPageGuruLogoTest()[pri:2, instance:com.test.java.LoginPageTestClass@28d18df5]" started-at="2021-01-05T19:13:09Z" name="loginPageGuruLogoTest" finished-at="2021-01-05T19:13:09Z" duration-ms="76" status="PASS">
        </test-method>
        <test-method is-config="true" signature="tearDown()[pri:0, instance:com.test.java.LoginPageTestClass@28d18df5]" started-at="2021-01-05T19:13:09Z" name="tearDown" finished-at="2021-01-05T19:13:11Z" duration-ms="1204" status="PASS">
        </test-method>
        <test-method is-config="true" signature="setUp()[pri:0, instance:com.test.java.LoginPageTestClass@28d18df5]" started-at="2021-01-05T19:13:11Z" name="setUp" finished-at="2021-01-05T19:13:19Z" duration-ms="8203" status="PASS">
        </test-method>
        <test-method signature="loginTest()[pri:3, instance:com.test.java.LoginPageTestClass@28d18df5]" started-at="2021-01-05T19:13:19Z" name="loginTest" finished-at="2021-01-05T19:13:25Z" duration-ms="5906" status="PASS">
        </test-method>
        <test-method is-config="true" signature="tearDown()[pri:0, instance:com.test.java.LoginPageTestClass@28d18df5]" started-at="2021-01-05T19:13:25Z" name="tearDown" finished-at="2021-01-05T19:13:26Z" duration-ms="1279" status="PASS">
        </test-method>
      </class>
      <class name="com.test.java.GitTest">
        <test-method is-config="true" signature="setUp()[pri:0, instance:com.test.java.GitTest@4032d386]" started-at="2021-01-05T19:14:01Z" name="setUp" finished-at="2021-01-05T19:14:15Z" duration-ms="13444" status="PASS">
        </test-method>
        <test-method signature="guruLogOut()[pri:0, instance:com.test.java.GitTest@4032d386]" started-at="2021-01-05T19:14:15Z" name="guruLogOut" finished-at="2021-01-05T19:14:17Z" duration-ms="1981" status="PASS">
        </test-method>
        <test-method is-config="true" signature="tearDown()[pri:0, instance:com.test.java.GitTest@4032d386]" started-at="2021-01-05T19:14:17Z" name="tearDown" finished-at="2021-01-05T19:14:18Z" duration-ms="1364" status="PASS">
        </test-method>
      </class>
      <class name="com.test.java.GuruHomePageTest">
        <test-method is-config="true" signature="setUp()[pri:0, instance:com.test.java.GuruHomePageTest@1d483de4]" started-at="2021-01-05T19:13:26Z" name="setUp" finished-at="2021-01-05T19:13:44Z" duration-ms="17913" status="PASS">
        </test-method>
        <test-method signature="getTitleOfHomePage()[pri:1, instance:com.test.java.GuruHomePageTest@1d483de4]" started-at="2021-01-05T19:13:44Z" name="getTitleOfHomePage" finished-at="2021-01-05T19:13:44Z" duration-ms="10" status="PASS">
        </test-method>
        <test-method is-config="true" signature="tearDown()[pri:0, instance:com.test.java.GuruHomePageTest@1d483de4]" started-at="2021-01-05T19:13:44Z" name="tearDown" finished-at="2021-01-05T19:13:45Z" duration-ms="1326" status="PASS">
        </test-method>
        <test-method is-config="true" signature="setUp()[pri:0, instance:com.test.java.GuruHomePageTest@1d483de4]" started-at="2021-01-05T19:13:45Z" name="setUp" finished-at="2021-01-05T19:13:59Z" duration-ms="14148" status="PASS">
        </test-method>
        <test-method signature="clickRequestQuotation()[pri:2, instance:com.test.java.GuruHomePageTest@1d483de4]" started-at="2021-01-05T19:13:59Z" name="clickRequestQuotation" finished-at="2021-01-05T19:14:00Z" duration-ms="310" status="PASS">
        </test-method>
        <test-method is-config="true" signature="tearDown()[pri:0, instance:com.test.java.GuruHomePageTest@1d483de4]" started-at="2021-01-05T19:14:00Z" name="tearDown" finished-at="2021-01-05T19:14:01Z" duration-ms="1286" status="PASS">
        </test-method>
      </class>
    </test>
  </suite>
</testng-results>
