<?xml version="1.0" encoding="UTF-8"?>
<testsuite xmlns:xsi="http://www.w3.org/2001/XMLSchema-instance" xsi:noNamespaceSchemaLocation="https://maven.apache.org/surefire/maven-surefire-plugin/xsd/surefire-test-report.xsd" name="TestSuite" time="89.751" tests="6" errors="0" skipped="0" failures="0">
  <properties>
[...]
</properties>
  <testcase name="loginPageGuruTitleTest" classname="com.test.java.LoginPageTestClass" time="0.031"/>
  <testcase name="loginPageGuruLogoTest" classname="com.test.java.LoginPageTestClass" time="0.076"/>
  <testcase name="loginTest" classname="com.test.java.LoginPageTestClass" time="5.906"/>
  <testcase name="getTitleOfHomePage" classname="com.test.java.GuruHomePageTest" time="0.009"/>
  <testcase name="clickRequestQuotation" classname="com.test.java.GuruHomePageTest" time="0.31"/>
  <testcase name="guruLogOut" classname="com.test.java.GitTest" time="1.986"/>
</testsuite>