<?xml version="1.0" encoding="UTF-8"?>
<!-- Generated by org.testng.reporters.JUnitXMLReporter -->
<testsuite hostname="DESKTOP-CKA0ME6" failures="0" tests="6" name="GuruRegressionTest" time="87.291" errors="0" timestamp="5 Jan 2021 13:44:18 GMT">
  <testcase classname="com.test.java.LoginPageTestClass" name="loginPageGuruTitleTest" time="0.031"/>
  <testcase classname="com.test.java.LoginPageTestClass" name="loginPageGuruLogoTest" time="0.076"/>
  <testcase classname="com.test.java.LoginPageTestClass" name="loginTest" time="5.906"/>
  <testcase classname="com.test.java.GuruHomePageTest" name="getTitleOfHomePage" time="0.01"/>
  <testcase classname="com.test.java.GuruHomePageTest" name="clickRequestQuotation" time="0.31"/>
  <testcase classname="com.test.java.GitTest" name="guruLogOut" time="1.981"/>
</testsuite>
