<?xml version="1.0" encoding="UTF-8"?>
<!-- Generated by org.testng.reporters.JUnitXMLReporter -->
<testsuite hostname="DESKTOP-CKA0ME6" name="GuruRegressionTest" tests="5" failures="0" timestamp="4 Jan 2021 15:31:19 GMT" time="70.721" errors="0">
  <testcase name="loginPageGuruTitleTest" time="0.029" classname="com.test.java.LoginPageTestClass"/>
  <testcase name="loginPageGuruLogoTest" time="0.114" classname="com.test.java.LoginPageTestClass"/>
  <testcase name="loginTest" time="5.514" classname="com.test.java.LoginPageTestClass"/>
  <testcase name="getTitleOfHomePage" time="0.041" classname="com.test.java.GuruHomePageTest"/>
  <testcase name="clickRequestQuotation" time="0.347" classname="com.test.java.GuruHomePageTest"/>
</testsuite>
