<?xml version="1.0" encoding="UTF-8"?>
<!-- Generated by org.testng.reporters.JUnitXMLReporter -->
<testsuite ignored="0" hostname="DESKTOP-CKA0ME6" failures="0" tests="5" name="GuruRegressionTest" time="91.362" errors="0" timestamp="2021-01-04T15:01:56 IST">
  <testcase classname="com.test.java.LoginPageTestClass" name="loginPageGuruTitleTest" time="0.022"/>
  <testcase classname="com.test.java.LoginPageTestClass" name="loginPageGuruLogoTest" time="0.252"/>
  <testcase classname="com.test.java.LoginPageTestClass" name="loginTest" time="13.793"/>
  <testcase classname="com.test.java.GuruHomePageTest" name="getTitleOfHomePage" time="0.013"/>
  <testcase classname="com.test.java.GuruHomePageTest" name="clickRequestQuotation" time="0.172"/>
</testsuite> <!-- GuruRegressionTest -->
