<?xml version="1.0" encoding="UTF-8"?>
<!-- Generated by org.testng.reporters.JUnitXMLReporter -->
<testsuite ignored="0" hostname="DESKTOP-CKA0ME6" failures="0" tests="3" name="Test" time="36.189" errors="0" timestamp="2020-12-23T22:29:49 IST">
  <testcase classname="com.test.java.LoginPageTestClass" name="loginPageGuruTitleTest" time="0.094"/>
  <testcase classname="com.test.java.LoginPageTestClass" name="loginPageGuruLogoTest" time="0.127"/>
  <testcase classname="com.test.java.LoginPageTestClass" name="loginTest" time="5.14"/>
</testsuite> <!-- Test -->
